INFO: [VRFC 10-2263] Analyzing SystemVerilog file "E:/FDU/IIII/Computer Organization and Architecture/Lab2/Lab2.srcs/sources_1/new/IO.sv" into library xil_defaultlib
INFO: [VRFC 10-311] analyzing module IO
INFO: [VRFC 10-2263] Analyzing SystemVerilog file "E:/FDU/IIII/Computer Organization and Architecture/Lab2/Lab2.srcs/sources_1/new/adder.sv" into library xil_defaultlib
INFO: [VRFC 10-311] analyzing module adder
INFO: [VRFC 10-2263] Analyzing SystemVerilog file "E:/FDU/IIII/Computer Organization and Architecture/Lab2/Lab2.srcs/sources_1/new/alu.sv" into library xil_defaultlib
INFO: [VRFC 10-311] analyzing module alu
INFO: [VRFC 10-2263] Analyzing SystemVerilog file "E:/FDU/IIII/Computer Organization and Architecture/Lab2/Lab2.srcs/sources_1/new/alu_decoder.sv" into library xil_defaultlib
INFO: [VRFC 10-311] analyzing module alu_decoder
INFO: [VRFC 10-2263] Analyzing SystemVerilog file "E:/FDU/IIII/Computer Organization and Architecture/Lab2/Lab2.srcs/sources_1/new/control_unit.sv" into library xil_defaultlib
INFO: [VRFC 10-311] analyzing module control_unit
INFO: [VRFC 10-2263] Analyzing SystemVerilog file "E:/FDU/IIII/Computer Organization and Architecture/Lab2/Lab2.srcs/sources_1/new/data_memory.sv" into library xil_defaultlib
INFO: [VRFC 10-311] analyzing module data_memory
INFO: [VRFC 10-2263] Analyzing SystemVerilog file "E:/FDU/IIII/Computer Organization and Architecture/Lab2/Lab2.srcs/sources_1/new/data_memory_decoder.sv" into library xil_defaultlib
INFO: [VRFC 10-311] analyzing module data_memory_decoder
INFO: [VRFC 10-2263] Analyzing SystemVerilog file "E:/FDU/IIII/Computer Organization and Architecture/Lab2/Lab2.srcs/sources_1/new/datapath.sv" into library xil_defaultlib
INFO: [VRFC 10-311] analyzing module datapath
INFO: [VRFC 10-2263] Analyzing SystemVerilog file "E:/FDU/IIII/Computer Organization and Architecture/Lab2/Lab2.srcs/sources_1/new/flopr.sv" into library xil_defaultlib
INFO: [VRFC 10-311] analyzing module flopr
INFO: [VRFC 10-2263] Analyzing SystemVerilog file "E:/FDU/IIII/Computer Organization and Architecture/Lab2/Lab2.srcs/sources_1/new/instruction_memory.sv" into library xil_defaultlib
INFO: [VRFC 10-311] analyzing module instruction_memory
INFO: [VRFC 10-2263] Analyzing SystemVerilog file "E:/FDU/IIII/Computer Organization and Architecture/Lab2/Lab2.srcs/sources_1/new/main_decoder.sv" into library xil_defaultlib
INFO: [VRFC 10-311] analyzing module main_decoder
INFO: [VRFC 10-2263] Analyzing SystemVerilog file "E:/FDU/IIII/Computer Organization and Architecture/Lab2/Lab2.srcs/sources_1/new/mips.sv" into library xil_defaultlib
INFO: [VRFC 10-311] analyzing module mips
INFO: [VRFC 10-2263] Analyzing SystemVerilog file "E:/FDU/IIII/Computer Organization and Architecture/Lab2/Lab2.srcs/sources_1/new/mux2.sv" into library xil_defaultlib
INFO: [VRFC 10-311] analyzing module mux2
INFO: [VRFC 10-2263] Analyzing SystemVerilog file "E:/FDU/IIII/Computer Organization and Architecture/Lab2/Lab2.srcs/sources_1/new/mux7seg.sv" into library xil_defaultlib
INFO: [VRFC 10-311] analyzing module mux7seg
INFO: [VRFC 10-2263] Analyzing SystemVerilog file "E:/FDU/IIII/Computer Organization and Architecture/Lab2/Lab2.srcs/sources_1/new/register_file.sv" into library xil_defaultlib
INFO: [VRFC 10-311] analyzing module register_file
INFO: [VRFC 10-2263] Analyzing SystemVerilog file "E:/FDU/IIII/Computer Organization and Architecture/Lab2/Lab2.srcs/sources_1/new/shift_left2.sv" into library xil_defaultlib
INFO: [VRFC 10-311] analyzing module shift_left2
INFO: [VRFC 10-2263] Analyzing SystemVerilog file "E:/FDU/IIII/Computer Organization and Architecture/Lab2/Lab2.srcs/sources_1/new/sign_extend.sv" into library xil_defaultlib
INFO: [VRFC 10-311] analyzing module sign_extend
INFO: [VRFC 10-2263] Analyzing SystemVerilog file "E:/FDU/IIII/Computer Organization and Architecture/Lab2/Lab2.srcs/sources_1/new/top_module.sv" into library xil_defaultlib
INFO: [VRFC 10-311] analyzing module top_module
INFO: [VRFC 10-2263] Analyzing SystemVerilog file "E:/FDU/IIII/Computer Organization and Architecture/Lab2/Lab2.srcs/sim_1/new/test_top_module.sv" into library xil_defaultlib
INFO: [VRFC 10-311] analyzing module test_top_module
