
*** Running vivado
    with args -log top_module.vds -m64 -product Vivado -mode batch -messageDb vivado.pb -notrace -source top_module.tcl


ECHO 处于关闭状态。
ECHO 处于关闭状态。

****** Vivado v2023.2 (64-bit)
  **** SW Build 4029153 on Fri Oct 13 20:14:34 MDT 2023
  **** IP Build 4028589 on Sat Oct 14 00:45:43 MDT 2023
  **** SharedData Build 4025554 on Tue Oct 10 17:18:54 MDT 2023
    ** Copyright 1986-2022 Xilinx, Inc. All Rights Reserved.
    ** Copyright 2022-2023 Advanced Micro Devices, Inc. All Rights Reserved.

source top_module.tcl -notrace
Command: read_checkpoint -auto_incremental -incremental {E:/FDU/IIII/Computer Organization and Architecture/Lab2/Lab2.srcs/utils_1/imports/synth_1/top_module.dcp}
INFO: [Vivado 12-5825] Read reference checkpoint from E:/FDU/IIII/Computer Organization and Architecture/Lab2/Lab2.srcs/utils_1/imports/synth_1/top_module.dcp for incremental synthesis
INFO: [Vivado 12-7989] Please ensure there are no constraint changes
Command: synth_design -top top_module -part xc7a100tcsg324-3
Starting synth_design
Attempting to get a license for feature 'Synthesis' and/or device 'xc7a100t'
INFO: [Common 17-349] Got license for feature 'Synthesis' and/or device 'xc7a100t'
INFO: [Device 21-403] Loading part xc7a100tcsg324-3
INFO: [Designutils 20-5440] No compile time benefit to using incremental synthesis; A full resynthesis will be run
INFO: [Designutils 20-4379] Flow is switching to default flow due to incremental criteria not met. If you would like to alter this behaviour and have the flow terminate instead, please set the following parameter config_implementation {autoIncr.Synth.RejectBehavior Terminate}
INFO: [Synth 8-7079] Multithreading enabled for synth_design using a maximum of 2 processes.
INFO: [Synth 8-7078] Launching helper process for spawning children vivado processes
INFO: [Synth 8-7075] Helper process launched with PID 6140
---------------------------------------------------------------------------------
Starting RTL Elaboration : Time (s): cpu = 00:00:01 ; elapsed = 00:00:04 . Memory (MB): peak = 1315.535 ; gain = 439.227
---------------------------------------------------------------------------------
INFO: [Synth 8-6157] synthesizing module 'top_module' [E:/FDU/IIII/Computer Organization and Architecture/Lab2/Lab2.srcs/sources_1/new/top_module.sv:1]
INFO: [Synth 8-6157] synthesizing module 'mips' [E:/FDU/IIII/Computer Organization and Architecture/Lab2/Lab2.srcs/sources_1/new/mips.sv:1]
INFO: [Synth 8-6157] synthesizing module 'control_unit' [E:/FDU/IIII/Computer Organization and Architecture/Lab2/Lab2.srcs/sources_1/new/control_unit.sv:1]
INFO: [Synth 8-6157] synthesizing module 'main_decoder' [E:/FDU/IIII/Computer Organization and Architecture/Lab2/Lab2.srcs/sources_1/new/main_decoder.sv:1]
INFO: [Synth 8-6155] done synthesizing module 'main_decoder' (0#1) [E:/FDU/IIII/Computer Organization and Architecture/Lab2/Lab2.srcs/sources_1/new/main_decoder.sv:1]
INFO: [Synth 8-6157] synthesizing module 'alu_decoder' [E:/FDU/IIII/Computer Organization and Architecture/Lab2/Lab2.srcs/sources_1/new/alu_decoder.sv:1]
INFO: [Synth 8-6155] done synthesizing module 'alu_decoder' (0#1) [E:/FDU/IIII/Computer Organization and Architecture/Lab2/Lab2.srcs/sources_1/new/alu_decoder.sv:1]
INFO: [Synth 8-6155] done synthesizing module 'control_unit' (0#1) [E:/FDU/IIII/Computer Organization and Architecture/Lab2/Lab2.srcs/sources_1/new/control_unit.sv:1]
INFO: [Synth 8-6157] synthesizing module 'datapath' [E:/FDU/IIII/Computer Organization and Architecture/Lab2/Lab2.srcs/sources_1/new/datapath.sv:1]
INFO: [Synth 8-6157] synthesizing module 'flopr' [E:/FDU/IIII/Computer Organization and Architecture/Lab2/Lab2.srcs/sources_1/new/flopr.sv:1]
	Parameter WIDTH bound to: 32 - type: integer 
INFO: [Synth 8-6155] done synthesizing module 'flopr' (0#1) [E:/FDU/IIII/Computer Organization and Architecture/Lab2/Lab2.srcs/sources_1/new/flopr.sv:1]
INFO: [Synth 8-6157] synthesizing module 'adder' [E:/FDU/IIII/Computer Organization and Architecture/Lab2/Lab2.srcs/sources_1/new/adder.sv:1]
INFO: [Synth 8-6155] done synthesizing module 'adder' (0#1) [E:/FDU/IIII/Computer Organization and Architecture/Lab2/Lab2.srcs/sources_1/new/adder.sv:1]
INFO: [Synth 8-6157] synthesizing module 'shift_left2' [E:/FDU/IIII/Computer Organization and Architecture/Lab2/Lab2.srcs/sources_1/new/shift_left2.sv:1]
INFO: [Synth 8-6155] done synthesizing module 'shift_left2' (0#1) [E:/FDU/IIII/Computer Organization and Architecture/Lab2/Lab2.srcs/sources_1/new/shift_left2.sv:1]
INFO: [Synth 8-6157] synthesizing module 'mux2' [E:/FDU/IIII/Computer Organization and Architecture/Lab2/Lab2.srcs/sources_1/new/mux2.sv:1]
	Parameter WIDTH bound to: 32 - type: integer 
INFO: [Synth 8-6155] done synthesizing module 'mux2' (0#1) [E:/FDU/IIII/Computer Organization and Architecture/Lab2/Lab2.srcs/sources_1/new/mux2.sv:1]
INFO: [Synth 8-6157] synthesizing module 'register_file' [E:/FDU/IIII/Computer Organization and Architecture/Lab2/Lab2.srcs/sources_1/new/register_file.sv:1]
INFO: [Synth 8-6155] done synthesizing module 'register_file' (0#1) [E:/FDU/IIII/Computer Organization and Architecture/Lab2/Lab2.srcs/sources_1/new/register_file.sv:1]
INFO: [Synth 8-6157] synthesizing module 'mux2__parameterized0' [E:/FDU/IIII/Computer Organization and Architecture/Lab2/Lab2.srcs/sources_1/new/mux2.sv:1]
	Parameter WIDTH bound to: 5 - type: integer 
INFO: [Synth 8-6155] done synthesizing module 'mux2__parameterized0' (0#1) [E:/FDU/IIII/Computer Organization and Architecture/Lab2/Lab2.srcs/sources_1/new/mux2.sv:1]
INFO: [Synth 8-6157] synthesizing module 'sign_extend' [E:/FDU/IIII/Computer Organization and Architecture/Lab2/Lab2.srcs/sources_1/new/sign_extend.sv:1]
INFO: [Synth 8-6155] done synthesizing module 'sign_extend' (0#1) [E:/FDU/IIII/Computer Organization and Architecture/Lab2/Lab2.srcs/sources_1/new/sign_extend.sv:1]
INFO: [Synth 8-6157] synthesizing module 'alu' [E:/FDU/IIII/Computer Organization and Architecture/Lab2/Lab2.srcs/sources_1/new/alu.sv:1]
INFO: [Synth 8-6155] done synthesizing module 'alu' (0#1) [E:/FDU/IIII/Computer Organization and Architecture/Lab2/Lab2.srcs/sources_1/new/alu.sv:1]
INFO: [Synth 8-6155] done synthesizing module 'datapath' (0#1) [E:/FDU/IIII/Computer Organization and Architecture/Lab2/Lab2.srcs/sources_1/new/datapath.sv:1]
INFO: [Synth 8-6155] done synthesizing module 'mips' (0#1) [E:/FDU/IIII/Computer Organization and Architecture/Lab2/Lab2.srcs/sources_1/new/mips.sv:1]
INFO: [Synth 8-6157] synthesizing module 'instruction_memory' [E:/FDU/IIII/Computer Organization and Architecture/Lab2/Lab2.srcs/sources_1/new/instruction_memory.sv:1]
INFO: [Synth 8-3876] $readmem data file 'iotest.dat' is read successfully [E:/FDU/IIII/Computer Organization and Architecture/Lab2/Lab2.srcs/sources_1/new/instruction_memory.sv:10]
INFO: [Synth 8-6155] done synthesizing module 'instruction_memory' (0#1) [E:/FDU/IIII/Computer Organization and Architecture/Lab2/Lab2.srcs/sources_1/new/instruction_memory.sv:1]
INFO: [Synth 8-6157] synthesizing module 'data_memory_decoder' [E:/FDU/IIII/Computer Organization and Architecture/Lab2/Lab2.srcs/sources_1/new/data_memory_decoder.sv:1]
INFO: [Synth 8-6157] synthesizing module 'data_memory' [E:/FDU/IIII/Computer Organization and Architecture/Lab2/Lab2.srcs/sources_1/new/data_memory.sv:1]
INFO: [Synth 8-6155] done synthesizing module 'data_memory' (0#1) [E:/FDU/IIII/Computer Organization and Architecture/Lab2/Lab2.srcs/sources_1/new/data_memory.sv:1]
INFO: [Synth 8-6157] synthesizing module 'IO' [E:/FDU/IIII/Computer Organization and Architecture/Lab2/Lab2.srcs/sources_1/new/IO.sv:1]
INFO: [Synth 8-6155] done synthesizing module 'IO' (0#1) [E:/FDU/IIII/Computer Organization and Architecture/Lab2/Lab2.srcs/sources_1/new/IO.sv:1]
INFO: [Synth 8-6157] synthesizing module 'mux7seg' [E:/FDU/IIII/Computer Organization and Architecture/Lab2/Lab2.srcs/sources_1/new/mux7seg.sv:1]
INFO: [Synth 8-226] default block is never used [E:/FDU/IIII/Computer Organization and Architecture/Lab2/Lab2.srcs/sources_1/new/mux7seg.sv:25]
INFO: [Synth 8-6155] done synthesizing module 'mux7seg' (0#1) [E:/FDU/IIII/Computer Organization and Architecture/Lab2/Lab2.srcs/sources_1/new/mux7seg.sv:1]
INFO: [Synth 8-6155] done synthesizing module 'data_memory_decoder' (0#1) [E:/FDU/IIII/Computer Organization and Architecture/Lab2/Lab2.srcs/sources_1/new/data_memory_decoder.sv:1]
INFO: [Synth 8-6155] done synthesizing module 'top_module' (0#1) [E:/FDU/IIII/Computer Organization and Architecture/Lab2/Lab2.srcs/sources_1/new/top_module.sv:1]
WARNING: [Synth 8-3848] Net readData in module/entity data_memory does not have driver. [E:/FDU/IIII/Computer Organization and Architecture/Lab2/Lab2.srcs/sources_1/new/data_memory.sv:7]
WARNING: [Synth 8-6014] Unused sequential element switch1_reg was removed.  [E:/FDU/IIII/Computer Organization and Architecture/Lab2/Lab2.srcs/sources_1/new/IO.sv:21]
WARNING: [Synth 8-7129] Port pWriteData[31] in module IO is either unconnected or has no load
WARNING: [Synth 8-7129] Port pWriteData[30] in module IO is either unconnected or has no load
WARNING: [Synth 8-7129] Port pWriteData[29] in module IO is either unconnected or has no load
WARNING: [Synth 8-7129] Port pWriteData[28] in module IO is either unconnected or has no load
WARNING: [Synth 8-7129] Port pWriteData[27] in module IO is either unconnected or has no load
WARNING: [Synth 8-7129] Port pWriteData[26] in module IO is either unconnected or has no load
WARNING: [Synth 8-7129] Port pWriteData[25] in module IO is either unconnected or has no load
WARNING: [Synth 8-7129] Port pWriteData[24] in module IO is either unconnected or has no load
WARNING: [Synth 8-7129] Port pWriteData[23] in module IO is either unconnected or has no load
WARNING: [Synth 8-7129] Port pWriteData[22] in module IO is either unconnected or has no load
WARNING: [Synth 8-7129] Port pWriteData[21] in module IO is either unconnected or has no load
WARNING: [Synth 8-7129] Port pWriteData[20] in module IO is either unconnected or has no load
WARNING: [Synth 8-7129] Port pWriteData[19] in module IO is either unconnected or has no load
WARNING: [Synth 8-7129] Port pWriteData[18] in module IO is either unconnected or has no load
WARNING: [Synth 8-7129] Port pWriteData[17] in module IO is either unconnected or has no load
WARNING: [Synth 8-7129] Port pWriteData[16] in module IO is either unconnected or has no load
WARNING: [Synth 8-7129] Port pWriteData[15] in module IO is either unconnected or has no load
WARNING: [Synth 8-7129] Port pWriteData[14] in module IO is either unconnected or has no load
WARNING: [Synth 8-7129] Port pWriteData[13] in module IO is either unconnected or has no load
WARNING: [Synth 8-7129] Port pWriteData[12] in module IO is either unconnected or has no load
WARNING: [Synth 8-7129] Port readData[31] in module data_memory is either unconnected or has no load
WARNING: [Synth 8-7129] Port readData[30] in module data_memory is either unconnected or has no load
WARNING: [Synth 8-7129] Port readData[29] in module data_memory is either unconnected or has no load
WARNING: [Synth 8-7129] Port readData[28] in module data_memory is either unconnected or has no load
WARNING: [Synth 8-7129] Port readData[27] in module data_memory is either unconnected or has no load
WARNING: [Synth 8-7129] Port readData[26] in module data_memory is either unconnected or has no load
WARNING: [Synth 8-7129] Port readData[25] in module data_memory is either unconnected or has no load
WARNING: [Synth 8-7129] Port readData[24] in module data_memory is either unconnected or has no load
WARNING: [Synth 8-7129] Port readData[23] in module data_memory is either unconnected or has no load
WARNING: [Synth 8-7129] Port readData[22] in module data_memory is either unconnected or has no load
WARNING: [Synth 8-7129] Port readData[21] in module data_memory is either unconnected or has no load
WARNING: [Synth 8-7129] Port readData[20] in module data_memory is either unconnected or has no load
WARNING: [Synth 8-7129] Port readData[19] in module data_memory is either unconnected or has no load
WARNING: [Synth 8-7129] Port readData[18] in module data_memory is either unconnected or has no load
WARNING: [Synth 8-7129] Port readData[17] in module data_memory is either unconnected or has no load
WARNING: [Synth 8-7129] Port readData[16] in module data_memory is either unconnected or has no load
WARNING: [Synth 8-7129] Port readData[15] in module data_memory is either unconnected or has no load
WARNING: [Synth 8-7129] Port readData[14] in module data_memory is either unconnected or has no load
WARNING: [Synth 8-7129] Port readData[13] in module data_memory is either unconnected or has no load
WARNING: [Synth 8-7129] Port readData[12] in module data_memory is either unconnected or has no load
WARNING: [Synth 8-7129] Port readData[11] in module data_memory is either unconnected or has no load
WARNING: [Synth 8-7129] Port readData[10] in module data_memory is either unconnected or has no load
WARNING: [Synth 8-7129] Port readData[9] in module data_memory is either unconnected or has no load
WARNING: [Synth 8-7129] Port readData[8] in module data_memory is either unconnected or has no load
WARNING: [Synth 8-7129] Port readData[7] in module data_memory is either unconnected or has no load
WARNING: [Synth 8-7129] Port readData[6] in module data_memory is either unconnected or has no load
WARNING: [Synth 8-7129] Port readData[5] in module data_memory is either unconnected or has no load
WARNING: [Synth 8-7129] Port readData[4] in module data_memory is either unconnected or has no load
WARNING: [Synth 8-7129] Port readData[3] in module data_memory is either unconnected or has no load
WARNING: [Synth 8-7129] Port readData[2] in module data_memory is either unconnected or has no load
WARNING: [Synth 8-7129] Port readData[1] in module data_memory is either unconnected or has no load
WARNING: [Synth 8-7129] Port readData[0] in module data_memory is either unconnected or has no load
WARNING: [Synth 8-7129] Port clk in module data_memory is either unconnected or has no load
WARNING: [Synth 8-7129] Port writeEnable in module data_memory is either unconnected or has no load
WARNING: [Synth 8-7129] Port addr[7] in module data_memory is either unconnected or has no load
WARNING: [Synth 8-7129] Port addr[6] in module data_memory is either unconnected or has no load
WARNING: [Synth 8-7129] Port addr[5] in module data_memory is either unconnected or has no load
WARNING: [Synth 8-7129] Port addr[4] in module data_memory is either unconnected or has no load
WARNING: [Synth 8-7129] Port addr[3] in module data_memory is either unconnected or has no load
WARNING: [Synth 8-7129] Port addr[2] in module data_memory is either unconnected or has no load
WARNING: [Synth 8-7129] Port addr[1] in module data_memory is either unconnected or has no load
WARNING: [Synth 8-7129] Port addr[0] in module data_memory is either unconnected or has no load
WARNING: [Synth 8-7129] Port writeData[31] in module data_memory is either unconnected or has no load
WARNING: [Synth 8-7129] Port writeData[30] in module data_memory is either unconnected or has no load
WARNING: [Synth 8-7129] Port writeData[29] in module data_memory is either unconnected or has no load
WARNING: [Synth 8-7129] Port writeData[28] in module data_memory is either unconnected or has no load
WARNING: [Synth 8-7129] Port writeData[27] in module data_memory is either unconnected or has no load
WARNING: [Synth 8-7129] Port writeData[26] in module data_memory is either unconnected or has no load
WARNING: [Synth 8-7129] Port writeData[25] in module data_memory is either unconnected or has no load
WARNING: [Synth 8-7129] Port writeData[24] in module data_memory is either unconnected or has no load
WARNING: [Synth 8-7129] Port writeData[23] in module data_memory is either unconnected or has no load
WARNING: [Synth 8-7129] Port writeData[22] in module data_memory is either unconnected or has no load
WARNING: [Synth 8-7129] Port writeData[21] in module data_memory is either unconnected or has no load
WARNING: [Synth 8-7129] Port writeData[20] in module data_memory is either unconnected or has no load
WARNING: [Synth 8-7129] Port writeData[19] in module data_memory is either unconnected or has no load
WARNING: [Synth 8-7129] Port writeData[18] in module data_memory is either unconnected or has no load
WARNING: [Synth 8-7129] Port writeData[17] in module data_memory is either unconnected or has no load
WARNING: [Synth 8-7129] Port writeData[16] in module data_memory is either unconnected or has no load
WARNING: [Synth 8-7129] Port writeData[15] in module data_memory is either unconnected or has no load
WARNING: [Synth 8-7129] Port writeData[14] in module data_memory is either unconnected or has no load
WARNING: [Synth 8-7129] Port writeData[13] in module data_memory is either unconnected or has no load
WARNING: [Synth 8-7129] Port writeData[12] in module data_memory is either unconnected or has no load
WARNING: [Synth 8-7129] Port writeData[11] in module data_memory is either unconnected or has no load
WARNING: [Synth 8-7129] Port writeData[10] in module data_memory is either unconnected or has no load
WARNING: [Synth 8-7129] Port writeData[9] in module data_memory is either unconnected or has no load
WARNING: [Synth 8-7129] Port writeData[8] in module data_memory is either unconnected or has no load
WARNING: [Synth 8-7129] Port writeData[7] in module data_memory is either unconnected or has no load
WARNING: [Synth 8-7129] Port writeData[6] in module data_memory is either unconnected or has no load
WARNING: [Synth 8-7129] Port writeData[5] in module data_memory is either unconnected or has no load
WARNING: [Synth 8-7129] Port writeData[4] in module data_memory is either unconnected or has no load
WARNING: [Synth 8-7129] Port writeData[3] in module data_memory is either unconnected or has no load
WARNING: [Synth 8-7129] Port writeData[2] in module data_memory is either unconnected or has no load
WARNING: [Synth 8-7129] Port writeData[1] in module data_memory is either unconnected or has no load
WARNING: [Synth 8-7129] Port writeData[0] in module data_memory is either unconnected or has no load
WARNING: [Synth 8-7129] Port a[31] in module shift_left2 is either unconnected or has no load
WARNING: [Synth 8-7129] Port a[30] in module shift_left2 is either unconnected or has no load
WARNING: [Synth 8-7129] Port instr[31] in module datapath is either unconnected or has no load
WARNING: [Synth 8-7129] Port instr[30] in module datapath is either unconnected or has no load
WARNING: [Synth 8-7129] Port instr[29] in module datapath is either unconnected or has no load
WARNING: [Synth 8-7129] Port instr[28] in module datapath is either unconnected or has no load
INFO: [Common 17-14] Message 'Synth 8-7129' appears 100 times and further instances of the messages will be disabled. Use the Tcl command set_msg_config to change the current settings.
---------------------------------------------------------------------------------
Finished RTL Elaboration : Time (s): cpu = 00:00:01 ; elapsed = 00:00:05 . Memory (MB): peak = 1424.789 ; gain = 548.480
---------------------------------------------------------------------------------
---------------------------------------------------------------------------------
Start Handling Custom Attributes
---------------------------------------------------------------------------------
---------------------------------------------------------------------------------
Finished Handling Custom Attributes : Time (s): cpu = 00:00:01 ; elapsed = 00:00:05 . Memory (MB): peak = 1424.789 ; gain = 548.480
---------------------------------------------------------------------------------
---------------------------------------------------------------------------------
Finished RTL Optimization Phase 1 : Time (s): cpu = 00:00:01 ; elapsed = 00:00:05 . Memory (MB): peak = 1424.789 ; gain = 548.480
---------------------------------------------------------------------------------
Netlist sorting complete. Time (s): cpu = 00:00:00 ; elapsed = 00:00:00.011 . Memory (MB): peak = 1424.789 ; gain = 0.000
INFO: [Project 1-570] Preparing netlist for logic optimization

Processing XDC Constraints
Initializing timing engine
Parsing XDC File [E:/FDU/IIII/Computer Organization and Architecture/Lab2/Lab2.srcs/constrs_1/new/single_cycle_processor.xdc]
Finished Parsing XDC File [E:/FDU/IIII/Computer Organization and Architecture/Lab2/Lab2.srcs/constrs_1/new/single_cycle_processor.xdc]
INFO: [Project 1-236] Implementation specific constraints were found while reading constraint file [E:/FDU/IIII/Computer Organization and Architecture/Lab2/Lab2.srcs/constrs_1/new/single_cycle_processor.xdc]. These constraints will be ignored for synthesis but will be used in implementation. Impacted constraints are listed in the file [.Xil/top_module_propImpl.xdc].
Resolution: To avoid this warning, move constraints listed in [.Xil/top_module_propImpl.xdc] to another XDC file and exclude this new file from synthesis with the used_in_synthesis property (File Properties dialog in GUI) and re-run elaboration/synthesis.
Completed Processing XDC Constraints

Netlist sorting complete. Time (s): cpu = 00:00:00 ; elapsed = 00:00:00 . Memory (MB): peak = 1515.098 ; gain = 0.000
INFO: [Project 1-111] Unisim Transformation Summary:
No Unisim elements were transformed.

系统找不到指定的路径。
Constraint Validation Runtime : Time (s): cpu = 00:00:00 ; elapsed = 00:00:00.002 . Memory (MB): peak = 1515.098 ; gain = 0.000
INFO: [Designutils 20-5440] No compile time benefit to using incremental synthesis; A full resynthesis will be run
INFO: [Designutils 20-4379] Flow is switching to default flow due to incremental criteria not met. If you would like to alter this behaviour and have the flow terminate instead, please set the following parameter config_implementation {autoIncr.Synth.RejectBehavior Terminate}
---------------------------------------------------------------------------------
Finished Constraint Validation : Time (s): cpu = 00:00:02 ; elapsed = 00:00:11 . Memory (MB): peak = 1515.098 ; gain = 638.789
---------------------------------------------------------------------------------
---------------------------------------------------------------------------------
Start Loading Part and Timing Information
---------------------------------------------------------------------------------
Loading part: xc7a100tcsg324-3
---------------------------------------------------------------------------------
Finished Loading Part and Timing Information : Time (s): cpu = 00:00:02 ; elapsed = 00:00:11 . Memory (MB): peak = 1515.098 ; gain = 638.789
---------------------------------------------------------------------------------
---------------------------------------------------------------------------------
Start Applying 'set_property' XDC Constraints
---------------------------------------------------------------------------------
---------------------------------------------------------------------------------
Finished applying 'set_property' XDC Constraints : Time (s): cpu = 00:00:02 ; elapsed = 00:00:11 . Memory (MB): peak = 1515.098 ; gain = 638.789
---------------------------------------------------------------------------------
---------------------------------------------------------------------------------
Finished RTL Optimization Phase 2 : Time (s): cpu = 00:00:02 ; elapsed = 00:00:11 . Memory (MB): peak = 1515.098 ; gain = 638.789
---------------------------------------------------------------------------------
---------------------------------------------------------------------------------
Start RTL Component Statistics 
---------------------------------------------------------------------------------
Detailed RTL Component Info : 
+---Adders : 
	   2 Input   32 Bit       Adders := 3     
	   3 Input   32 Bit       Adders := 1     
+---Registers : 
	               32 Bit    Registers := 1     
	               12 Bit    Registers := 2     
	                2 Bit    Registers := 1     
+---Muxes : 
	   2 Input   32 Bit        Muxes := 7     
	  14 Input   32 Bit        Muxes := 1     
	   9 Input   10 Bit        Muxes := 1     
	   4 Input    8 Bit        Muxes := 1     
	   2 Input    8 Bit        Muxes := 1     
	   8 Input    8 Bit        Muxes := 1     
	  17 Input    7 Bit        Muxes := 1     
	   2 Input    5 Bit        Muxes := 1     
	  10 Input    3 Bit        Muxes := 1     
	   2 Input    2 Bit        Muxes := 1     
---------------------------------------------------------------------------------
Finished RTL Component Statistics 
---------------------------------------------------------------------------------
---------------------------------------------------------------------------------
Start Part Resource Summary
---------------------------------------------------------------------------------
Part Resources:
DSPs: 240 (col length:80)
BRAMs: 270 (col length: RAMB18 80 RAMB36 40)
---------------------------------------------------------------------------------
Finished Part Resource Summary
---------------------------------------------------------------------------------
---------------------------------------------------------------------------------
Start Cross Boundary and Area Optimization
---------------------------------------------------------------------------------
WARNING: [Synth 8-7080] Parallel synthesis criteria is not met
---------------------------------------------------------------------------------
Finished Cross Boundary and Area Optimization : Time (s): cpu = 00:00:03 ; elapsed = 00:00:14 . Memory (MB): peak = 1515.098 ; gain = 638.789
---------------------------------------------------------------------------------
---------------------------------------------------------------------------------
Start ROM, RAM, DSP, Shift Register and Retiming Reporting
---------------------------------------------------------------------------------

Distributed RAM: Preliminary Mapping Report (see note below)
+------------+-------------------+-----------+----------------------+--------------+
|Module Name | RTL Object        | Inference | Size (Depth x Width) | Primitives   | 
+------------+-------------------+-----------+----------------------+--------------+
|top_module  | mips/dp/rf/rf_reg | Implied   | 32 x 32              | RAM32M x 12  | 
+------------+-------------------+-----------+----------------------+--------------+

Note: The table above is a preliminary report that shows the Distributed RAMs at the current stage of the synthesis flow. Some Distributed RAMs may be reimplemented as non Distributed RAM primitives later in the synthesis flow. Multiple instantiated RAMs are reported only once.
---------------------------------------------------------------------------------
Finished ROM, RAM, DSP, Shift Register and Retiming Reporting
---------------------------------------------------------------------------------
---------------------------------------------------------------------------------
Start Applying XDC Timing Constraints
---------------------------------------------------------------------------------
---------------------------------------------------------------------------------
Finished Applying XDC Timing Constraints : Time (s): cpu = 00:00:03 ; elapsed = 00:00:18 . Memory (MB): peak = 1515.098 ; gain = 638.789
---------------------------------------------------------------------------------
---------------------------------------------------------------------------------
Start Timing Optimization
---------------------------------------------------------------------------------
---------------------------------------------------------------------------------
Finished Timing Optimization : Time (s): cpu = 00:00:04 ; elapsed = 00:00:20 . Memory (MB): peak = 1515.098 ; gain = 638.789
---------------------------------------------------------------------------------
---------------------------------------------------------------------------------
Start ROM, RAM, DSP, Shift Register and Retiming Reporting
---------------------------------------------------------------------------------

Distributed RAM: Final Mapping Report
+------------+-------------------+-----------+----------------------+--------------+
|Module Name | RTL Object        | Inference | Size (Depth x Width) | Primitives   | 
+------------+-------------------+-----------+----------------------+--------------+
|top_module  | mips/dp/rf/rf_reg | Implied   | 32 x 32              | RAM32M x 12  | 
+------------+-------------------+-----------+----------------------+--------------+

---------------------------------------------------------------------------------
Finished ROM, RAM, DSP, Shift Register and Retiming Reporting
---------------------------------------------------------------------------------
---------------------------------------------------------------------------------
Start Technology Mapping
---------------------------------------------------------------------------------
---------------------------------------------------------------------------------
Finished Technology Mapping : Time (s): cpu = 00:00:04 ; elapsed = 00:00:20 . Memory (MB): peak = 1515.098 ; gain = 638.789
---------------------------------------------------------------------------------
---------------------------------------------------------------------------------
Start IO Insertion
---------------------------------------------------------------------------------
---------------------------------------------------------------------------------
Start Flattening Before IO Insertion
---------------------------------------------------------------------------------
---------------------------------------------------------------------------------
Finished Flattening Before IO Insertion
---------------------------------------------------------------------------------
---------------------------------------------------------------------------------
Start Final Netlist Cleanup
---------------------------------------------------------------------------------
---------------------------------------------------------------------------------
Finished Final Netlist Cleanup
---------------------------------------------------------------------------------
---------------------------------------------------------------------------------
Finished IO Insertion : Time (s): cpu = 00:00:04 ; elapsed = 00:00:23 . Memory (MB): peak = 1515.098 ; gain = 638.789
---------------------------------------------------------------------------------
---------------------------------------------------------------------------------
Start Renaming Generated Instances
---------------------------------------------------------------------------------
---------------------------------------------------------------------------------
Finished Renaming Generated Instances : Time (s): cpu = 00:00:04 ; elapsed = 00:00:23 . Memory (MB): peak = 1515.098 ; gain = 638.789
---------------------------------------------------------------------------------
---------------------------------------------------------------------------------
Start Rebuilding User Hierarchy
---------------------------------------------------------------------------------
---------------------------------------------------------------------------------
Finished Rebuilding User Hierarchy : Time (s): cpu = 00:00:04 ; elapsed = 00:00:23 . Memory (MB): peak = 1515.098 ; gain = 638.789
---------------------------------------------------------------------------------
---------------------------------------------------------------------------------
Start Renaming Generated Ports
---------------------------------------------------------------------------------
---------------------------------------------------------------------------------
Finished Renaming Generated Ports : Time (s): cpu = 00:00:04 ; elapsed = 00:00:23 . Memory (MB): peak = 1515.098 ; gain = 638.789
---------------------------------------------------------------------------------
---------------------------------------------------------------------------------
Start Handling Custom Attributes
---------------------------------------------------------------------------------
---------------------------------------------------------------------------------
Finished Handling Custom Attributes : Time (s): cpu = 00:00:04 ; elapsed = 00:00:23 . Memory (MB): peak = 1515.098 ; gain = 638.789
---------------------------------------------------------------------------------
---------------------------------------------------------------------------------
Start Renaming Generated Nets
---------------------------------------------------------------------------------
---------------------------------------------------------------------------------
Finished Renaming Generated Nets : Time (s): cpu = 00:00:04 ; elapsed = 00:00:23 . Memory (MB): peak = 1515.098 ; gain = 638.789
---------------------------------------------------------------------------------
---------------------------------------------------------------------------------
Start Writing Synthesis Report
---------------------------------------------------------------------------------

Report BlackBoxes: 
+-+--------------+----------+
| |BlackBox name |Instances |
+-+--------------+----------+
+-+--------------+----------+

Report Cell Usage: 
+------+---------+------+
|      |Cell     |Count |
+------+---------+------+
|1     |BUFG     |     1|
|2     |CARRY4   |    25|
|3     |LUT1     |     2|
|4     |LUT2     |     3|
|5     |LUT3     |    19|
|6     |LUT4     |    31|
|7     |LUT5     |    89|
|8     |LUT6     |   145|
|9     |MUXF7    |    32|
|10    |RAM32M   |    10|
|11    |RAM32X1D |     4|
|12    |FDCE     |    30|
|13    |FDRE     |    26|
|14    |IBUF     |    20|
|15    |OBUF     |    15|
+------+---------+------+
---------------------------------------------------------------------------------
Finished Writing Synthesis Report : Time (s): cpu = 00:00:04 ; elapsed = 00:00:23 . Memory (MB): peak = 1515.098 ; gain = 638.789
---------------------------------------------------------------------------------
Synthesis finished with 0 errors, 0 critical warnings and 1 warnings.
Synthesis Optimization Runtime : Time (s): cpu = 00:00:02 ; elapsed = 00:00:22 . Memory (MB): peak = 1515.098 ; gain = 548.480
Synthesis Optimization Complete : Time (s): cpu = 00:00:04 ; elapsed = 00:00:23 . Memory (MB): peak = 1515.098 ; gain = 638.789
INFO: [Project 1-571] Translating synthesized netlist
Netlist sorting complete. Time (s): cpu = 00:00:00 ; elapsed = 00:00:00.009 . Memory (MB): peak = 1515.098 ; gain = 0.000
INFO: [Netlist 29-17] Analyzing 71 Unisim elements for replacement
INFO: [Netlist 29-28] Unisim Transformation completed in 0 CPU seconds
INFO: [Project 1-570] Preparing netlist for logic optimization
INFO: [Opt 31-138] Pushed 0 inverter(s) to 0 load pin(s).
Netlist sorting complete. Time (s): cpu = 00:00:00 ; elapsed = 00:00:00 . Memory (MB): peak = 1515.098 ; gain = 0.000
INFO: [Project 1-111] Unisim Transformation Summary:
  A total of 14 instances were transformed.
  RAM32M => RAM32M (RAMD32(x6), RAMS32(x2)): 10 instances
  RAM32X1D => RAM32X1D (RAMD32(x2)): 4 instances

系统找不到指定的路径。
Synth Design complete | Checksum: 92dafcc6
INFO: [Common 17-83] Releasing license: Synthesis
62 Infos, 103 Warnings, 0 Critical Warnings and 0 Errors encountered.
synth_design completed successfully
synth_design: Time (s): cpu = 00:00:04 ; elapsed = 00:00:28 . Memory (MB): peak = 1515.098 ; gain = 1048.801
Write ShapeDB Complete: Time (s): cpu = 00:00:00 ; elapsed = 00:00:00.007 . Memory (MB): peak = 1515.098 ; gain = 0.000
INFO: [Common 17-1381] The checkpoint 'E:/FDU/IIII/Computer Organization and Architecture/Lab2/Lab2.runs/synth_1/top_module.dcp' has been generated.
INFO: [runtcl-4] Executing : report_utilization -file top_module_utilization_synth.rpt -pb top_module_utilization_synth.pb
INFO: [Common 17-206] Exiting Vivado at Sun Apr 28 23:06:46 2024...
